#
# There is insufficient memory for the Java Runtime Environment to continue.
# Native memory allocation (malloc) failed to allocate 1048576 bytes for AllocateHeap
# Possible reasons:
#   The system is out of physical RAM or swap space
#   In 32 bit mode, the process size limit was hit
# Possible solutions:
#   Reduce memory load on the system
#   Increase physical memory or swap space
#   Check if swap backing store is full
#   Use 64 bit Java on a 64 bit OS
#   Decrease Java heap size (-Xmx/-Xms)
#   Decrease number of Java threads
#   Decrease Java thread stack sizes (-Xss)
#   Set larger code cache with -XX:ReservedCodeCacheSize=
# This output file may be truncated or incomplete.
#
#  Out of Memory Error (memory/allocation.inline.hpp:61), pid=20980, tid=19944
#
# JRE version:  (8.0_60-b27) (build )
# Java VM: Java HotSpot(TM) 64-Bit Server VM (25.60-b23 mixed mode windows-amd64 compressed oops)
# Failed to write core dump. Minidumps are not enabled by default on client versions of Windows
#

---------------  T H R E A D  ---------------

Current thread (0x0000000002132800):  JavaThread "Unknown thread" [_thread_in_vm, id=19944, stack(0x0000000001fb0000,0x00000000020b0000)]

Stack: [0x0000000001fb0000,0x00000000020b0000]
[error occurred during error reporting (printing stack bounds), id 0xc0000005]

Native frames: (J=compiled Java code, j=interpreted, Vv=VM code, C=native code)


---------------  P R O C E S S  ---------------

Java Threads: ( => current thread )

Other Threads:

=>0x0000000002132800 (exited) JavaThread "Unknown thread" [_thread_in_vm, id=19944, stack(0x0000000001fb0000,0x00000000020b0000)]

VM state:not at safepoint (normal execution)

VM Mutex/Monitor currently owned by a thread: None

Heap:
 PSYoungGen      total 76288K, used 1310K [0x00000000eab00000, 0x00000000f0000000, 0x0000000100000000)
  eden space 65536K, 2% used [0x00000000eab00000,0x00000000eac47af0,0x00000000eeb00000)
  from space 10752K, 0% used [0x00000000ef580000,0x00000000ef580000,0x00000000f0000000)
  to   space 10752K, 0% used [0x00000000eeb00000,0x00000000eeb00000,0x00000000ef580000)
 ParOldGen       total 175104K, used 0K [0x00000000c0000000, 0x00000000cab00000, 0x00000000eab00000)
  object space 175104K, 0% used [0x00000000c0000000,0x00000000c0000000,0x00000000cab00000)
 Metaspace       used 767K, capacity 4480K, committed 4480K, reserved 1056768K
  class space    used 75K, capacity 384K, committed 384K, reserved 1048576K

Card table byte_map: [0x00000000115f0000,0x0000000011800000] byte_map_base: 0x0000000010ff0000

Marking Bits: (ParMarkBitMap*) 0x00000000520fa5b0
 Begin Bits: [0x0000000011d60000, 0x0000000012d60000)
 End Bits:   [0x0000000012d60000, 0x0000000013d60000)

Polling page: 0x0000000000500000

CodeCache: size=245760Kb used=328Kb max_used=328Kb free=245431Kb
 bounds [0x0000000002230000, 0x00000000024a0000, 0x0000000011230000]
 total_blobs=57 nmethods=0 adapters=37
 compilation: enabled

Compilation events (0 events):
No events

GC Heap History (0 events):
No events

Deoptimization events (0 events):
No events

Internal exceptions (0 events):
No events

Events (10 events):
Event: 0.041 loading class java/lang/Short
Event: 0.041 loading class java/lang/Short done
Event: 0.041 loading class java/lang/Integer
Event: 0.042 loading class java/lang/Integer done
Event: 0.042 loading class java/lang/Long
Event: 0.042 loading class java/lang/Long done
Event: 0.043 loading class java/lang/NullPointerException
Event: 0.043 loading class java/lang/NullPointerException done
Event: 0.043 loading class java/lang/ArithmeticException
Event: 0.043 loading class java/lang/ArithmeticException done


Dynamic libraries:
0x00007ff6c6230000 - 0x00007ff6c6267000 	C:\Program Files\Java\jdk1.8.0_60\bin\java.exe
0x00007ffd3c0d0000 - 0x00007ffd3c291000 	C:\WINDOWS\SYSTEM32\ntdll.dll
0x00007ffd3c000000 - 0x00007ffd3c0ad000 	C:\WINDOWS\system32\KERNEL32.DLL
0x00007ffd392e0000 - 0x00007ffd394c8000 	C:\WINDOWS\system32\KERNELBASE.dll
0x00007ffd3bf50000 - 0x00007ffd3bff7000 	C:\WINDOWS\system32\ADVAPI32.dll
0x00007ffd3beb0000 - 0x00007ffd3bf4d000 	C:\WINDOWS\system32\msvcrt.dll
0x00007ffd3be50000 - 0x00007ffd3beab000 	C:\WINDOWS\system32\sechost.dll
0x00007ffd39820000 - 0x00007ffd3993c000 	C:\WINDOWS\system32\RPCRT4.dll
0x00007ffd3b100000 - 0x00007ffd3b256000 	C:\WINDOWS\system32\USER32.dll
0x00007ffd3b3b0000 - 0x00007ffd3b536000 	C:\WINDOWS\system32\GDI32.dll
0x00007ffd27810000 - 0x00007ffd27a84000 	C:\WINDOWS\WinSxS\amd64_microsoft.windows.common-controls_6595b64144ccf1df_6.0.10586.0_none_8c15ae12515e1c22\COMCTL32.dll
0x00007ffd394d0000 - 0x00007ffd3974d000 	C:\WINDOWS\system32\combase.dll
0x00007ffd38ab0000 - 0x00007ffd38b1a000 	C:\WINDOWS\system32\bcryptPrimitives.dll
0x00007ffd3b7c0000 - 0x00007ffd3b7fb000 	C:\WINDOWS\system32\IMM32.DLL
0x0000000051720000 - 0x00000000517f2000 	C:\Program Files\Java\jdk1.8.0_60\jre\bin\msvcr100.dll
0x00000000518f0000 - 0x0000000052179000 	C:\Program Files\Java\jdk1.8.0_60\jre\bin\server\jvm.dll
0x00007ffd3af80000 - 0x00007ffd3af88000 	C:\WINDOWS\system32\PSAPI.DLL
0x00007ffd2ad50000 - 0x00007ffd2ad59000 	C:\WINDOWS\SYSTEM32\WSOCK32.dll
0x00007ffd39940000 - 0x00007ffd399ab000 	C:\WINDOWS\system32\WS2_32.dll
0x00007ffd36dc0000 - 0x00007ffd36de3000 	C:\WINDOWS\SYSTEM32\WINMM.dll
0x00007ffd2b770000 - 0x00007ffd2b77a000 	C:\WINDOWS\SYSTEM32\VERSION.dll
0x00007ffd36d90000 - 0x00007ffd36dbc000 	C:\WINDOWS\SYSTEM32\WINMMBASE.dll
0x00007ffd39290000 - 0x00007ffd392d3000 	C:\WINDOWS\system32\cfgmgr32.dll
0x0000000052680000 - 0x000000005268f000 	C:\Program Files\Java\jdk1.8.0_60\jre\bin\verify.dll
0x0000000052650000 - 0x0000000052679000 	C:\Program Files\Java\jdk1.8.0_60\jre\bin\java.dll
0x0000000052630000 - 0x0000000052646000 	C:\Program Files\Java\jdk1.8.0_60\jre\bin\zip.dll

VM Arguments:
jvm_args: -Djava.awt.headless=true -Xmx1024M -Dfile.encoding=windows-1252 -Duser.country=US -Duser.language=en -Duser.variant 
java_command: com.android.dx.command.Main --dex --force-jumbo --num-threads=4 --multi-dex --output C:\Users\leonllyu\AndroidStudioProjects\Lab3a_MyBrowser\app\build\intermediates\transforms\dex\debug\folders\1000\5\slice_8 C:\Users\leonllyu\AndroidStudioProjects\Lab3a_MyBrowser\app\build\intermediates\transforms\instantRunSlicer\debug\folders\1\5\slice_8
java_class_path (initial): C:\Users\leonllyu\AppData\Local\Android\sdk\build-tools\23.0.3\lib\dx.jar
Launcher Type: SUN_STANDARD

Environment Variables:
JAVA_HOME=C:\Program Files\Java\jdk1.8.0_60
USERNAME=leonllyu
OS=Windows_NT
PROCESSOR_IDENTIFIER=Intel64 Family 6 Model 61 Stepping 4, GenuineIntel



---------------  S Y S T E M  ---------------

OS: Windows 10.0 , 64 bit Build 10586 (10.0.10586.0)

CPU:total 4 (2 cores per cpu, 2 threads per core) family 6 model 61 stepping 4, cmov, cx8, fxsr, mmx, sse, sse2, sse3, ssse3, sse4.1, sse4.2, popcnt, avx, avx2, aes, clmul, erms, 3dnowpref, lzcnt, ht, tsc, tscinvbit, bmi1, bmi2, adx

Memory: 4k page, physical 16688992k(4899048k free), swap 19965788k(272844k free)

vm_info: Java HotSpot(TM) 64-Bit Server VM (25.60-b23) for windows-amd64 JRE (1.8.0_60-b27), built on Aug  4 2015 11:06:27 by "java_re" with MS VC++ 10.0 (VS2010)

time: Sat Jun 11 23:52:14 2016
elapsed time: 0 seconds (0d 0h 0m 0s)

