#
# There is insufficient memory for the Java Runtime Environment to continue.
# Native memory allocation (malloc) failed to allocate 32744 bytes for ChunkPool::allocate
# Possible reasons:
#   The system is out of physical RAM or swap space
#   In 32 bit mode, the process size limit was hit
# Possible solutions:
#   Reduce memory load on the system
#   Increase physical memory or swap space
#   Check if swap backing store is full
#   Use 64 bit Java on a 64 bit OS
#   Decrease Java heap size (-Xmx/-Xms)
#   Decrease number of Java threads
#   Decrease Java thread stack sizes (-Xss)
#   Set larger code cache with -XX:ReservedCodeCacheSize=
# This output file may be truncated or incomplete.
#
#  Out of Memory Error (allocation.cpp:273), pid=21080, tid=16004
#
# JRE version: Java(TM) SE Runtime Environment (8.0_60-b27) (build 1.8.0_60-b27)
# Java VM: Java HotSpot(TM) 64-Bit Server VM (25.60-b23 mixed mode windows-amd64 compressed oops)
# Failed to write core dump. Minidumps are not enabled by default on client versions of Windows
#

---------------  T H R E A D  ---------------

Current thread (0x0000000016218800):  JavaThread "C1 CompilerThread2" daemon [_thread_in_native, id=16004, stack(0x0000000016610000,0x0000000016710000)]

Stack: [0x0000000016610000,0x0000000016710000]
[error occurred during error reporting (printing stack bounds), id 0xc0000005]

Native frames: (J=compiled Java code, j=interpreted, Vv=VM code, C=native code)


Current CompileTask:
C1:    382  165   !   3       com.android.dx.cf.cst.ConstantPoolParser::parse0 (731 bytes)


---------------  P R O C E S S  ---------------

Java Threads: ( => current thread )
  0x000000001638e000 JavaThread "pool-2-thread-2" [_thread_new, id=21188, stack(0x0000000000000000,0x0000000000000000)]
  0x0000000016370800 JavaThread "pool-3-thread-1" [_thread_blocked, id=21064, stack(0x0000000016a10000,0x0000000016b10000)]
  0x000000001636c000 JavaThread "pool-2-thread-1" [_thread_blocked, id=7252, stack(0x0000000016910000,0x0000000016a10000)]
  0x0000000014a2e000 JavaThread "Service Thread" daemon [_thread_blocked, id=20968, stack(0x0000000016710000,0x0000000016810000)]
=>0x0000000016218800 JavaThread "C1 CompilerThread2" daemon [_thread_in_native, id=16004, stack(0x0000000016610000,0x0000000016710000)]
  0x00000000149d0000 JavaThread "C2 CompilerThread1" daemon [_thread_blocked, id=19644, stack(0x0000000016110000,0x0000000016210000)]
  0x00000000149dd800 JavaThread "C2 CompilerThread0" daemon [_thread_blocked, id=19876, stack(0x0000000016010000,0x0000000016110000)]
  0x00000000149dc800 JavaThread "Attach Listener" daemon [_thread_blocked, id=20564, stack(0x0000000015f10000,0x0000000016010000)]
  0x00000000149db800 JavaThread "Signal Dispatcher" daemon [_thread_blocked, id=15320, stack(0x0000000015e10000,0x0000000015f10000)]
  0x00000000022f5000 JavaThread "Finalizer" daemon [_thread_blocked, id=14368, stack(0x0000000015c30000,0x0000000015d30000)]
  0x00000000022f0800 JavaThread "Reference Handler" daemon [_thread_blocked, id=16652, stack(0x0000000015b30000,0x0000000015c30000)]
  0x0000000002202800 JavaThread "main" [_thread_in_vm, id=20616, stack(0x00000000020b0000,0x00000000021b0000)]

Other Threads:
  0x0000000014997000 VMThread [stack: 0x0000000015a30000,0x0000000015b30000] [id=20888]
  0x0000000016232000 WatcherThread [stack: 0x0000000016810000,0x0000000016910000] [id=15904]

VM state:not at safepoint (normal execution)

VM Mutex/Monitor currently owned by a thread: None

Heap:
 PSYoungGen      total 76288K, used 9175K [0x00000000eab00000, 0x00000000f0000000, 0x0000000100000000)
  eden space 65536K, 14% used [0x00000000eab00000,0x00000000eb3f5ea8,0x00000000eeb00000)
  from space 10752K, 0% used [0x00000000ef580000,0x00000000ef580000,0x00000000f0000000)
  to   space 10752K, 0% used [0x00000000eeb00000,0x00000000eeb00000,0x00000000ef580000)
 ParOldGen       total 175104K, used 0K [0x00000000c0000000, 0x00000000cab00000, 0x00000000eab00000)
  object space 175104K, 0% used [0x00000000c0000000,0x00000000c0000000,0x00000000cab00000)
 Metaspace       used 3831K, capacity 5168K, committed 5376K, reserved 1058816K
  class space    used 435K, capacity 488K, committed 512K, reserved 1048576K

Card table byte_map: [0x00000000116c0000,0x00000000118d0000] byte_map_base: 0x00000000110c0000

Marking Bits: (ParMarkBitMap*) 0x00000000520fa5b0
 Begin Bits: [0x0000000011e30000, 0x0000000012e30000)
 End Bits:   [0x0000000012e30000, 0x0000000013e30000)

Polling page: 0x00000000001f0000

CodeCache: size=245760Kb used=1352Kb max_used=1363Kb free=244407Kb
 bounds [0x0000000002300000, 0x0000000002570000, 0x0000000011300000]
 total_blobs=416 nmethods=166 adapters=163
 compilation: enabled

Compilation events (10 events):
Event: 0.371 Thread 0x0000000016218800 nmethod 162 0x00000000024516d0 code [0x0000000002451820, 0x0000000002451930]
Event: 0.371 Thread 0x0000000016218800  163       1       java.util.jar.JarFile::access$300 (5 bytes)
Event: 0.372 Thread 0x0000000016218800 nmethod 163 0x0000000002451990 code [0x0000000002451ae0, 0x0000000002451bd0]
Event: 0.373 Thread 0x0000000016218800  164       3       com.android.dx.util.MutabilityControl::throwIfImmutable (18 bytes)
Event: 0.374 Thread 0x0000000016218800 nmethod 164 0x0000000002451e50 code [0x0000000002451fc0, 0x0000000002452228]
Event: 0.375 Thread 0x0000000016218800  165   !   3       com.android.dx.cf.cst.ConstantPoolParser::parse0 (731 bytes)
Event: 0.376 Thread 0x00000000149dd800  168       4       com.android.dx.util.ByteArray::checkOffsets (66 bytes)
Event: 0.377 Thread 0x00000000149d0000  170       4       com.android.dx.util.ByteArray::getUnsignedByte (14 bytes)
Event: 0.377 Thread 0x00000000149dd800 nmethod 168 0x0000000002454fd0 code [0x0000000002455100, 0x00000000024551b8]
Event: 0.378 Thread 0x00000000149d0000 nmethod 170 0x0000000002453710 code [0x0000000002453860, 0x0000000002453978]

GC Heap History (0 events):
No events

Deoptimization events (0 events):
No events

Internal exceptions (2 events):
Event: 0.072 Thread 0x0000000002202800 Exception <a 'java/lang/NoSuchMethodError': Method sun.misc.Unsafe.defineClass(Ljava/lang/String;[BII)Ljava/lang/Class; name or signature does not match> (0x00000000eab0e658) thrown at [C:\re\workspace\8-2-build-windows-amd64-cygwin\jdk8u60\4407\hotspot\sro´Ä„e²?
Event: 0.072 Thread 0x0000000002202800 Exception <a 'java/lang/NoSuchMethodError': Method sun.misc.Unsafe.prefetchRead(Ljava/lang/Object;J)V name or signature does not match> (0x00000000eab0e940) thrown at [C:\re\workspace\8-2-build-windows-amd64-cygwin\jdk8u60\4407\hotspot\src\share\vm\prims\j

Events (10 events):
Event: 0.373 loading class com/android/dx/dex/cf/AttributeTranslator done
Event: 0.374 loading class com/android/dx/cf/attrib/AttSourceFile
Event: 0.374 loading class com/android/dx/cf/attrib/AttSourceFile done
Event: 0.374 loading class com/android/dx/util/Warning
Event: 0.374 loading class com/android/dx/util/Warning done
Event: 0.374 Thread 0x000000001638e000 Thread added: 0x000000001638e000
Event: 0.374 loading class com/android/dx/rop/annotation/Annotations
Event: 0.374 loading class com/android/dx/rop/annotation/Annotations done
Event: 0.375 loading class com/android/dx/rop/cst/CstEnumRef
Event: 0.375 loading class com/android/dx/rop/cst/CstEnumRef done


Dynamic libraries:
0x00007ff6c6230000 - 0x00007ff6c6267000 	C:\Program Files\Java\jdk1.8.0_60\bin\java.exe
0x00007ffd3c0d0000 - 0x00007ffd3c291000 	C:\WINDOWS\SYSTEM32\ntdll.dll
0x00007ffd3c000000 - 0x00007ffd3c0ad000 	C:\WINDOWS\system32\KERNEL32.DLL
0x00007ffd392e0000 - 0x00007ffd394c8000 	C:\WINDOWS\system32\KERNELBASE.dll
0x00007ffd3bf50000 - 0x00007ffd3bff7000 	C:\WINDOWS\system32\ADVAPI32.dll
0x00007ffd3beb0000 - 0x00007ffd3bf4d000 	C:\WINDOWS\system32\msvcrt.dll
0x00007ffd3be50000 - 0x00007ffd3beab000 	C:\WINDOWS\system32\sechost.dll
0x00007ffd39820000 - 0x00007ffd3993c000 	C:\WINDOWS\system32\RPCRT4.dll
0x00007ffd3b100000 - 0x00007ffd3b256000 	C:\WINDOWS\system32\USER32.dll
0x00007ffd3b3b0000 - 0x00007ffd3b536000 	C:\WINDOWS\system32\GDI32.dll
0x00007ffd27810000 - 0x00007ffd27a84000 	C:\WINDOWS\WinSxS\amd64_microsoft.windows.common-controls_6595b64144ccf1df_6.0.10586.0_none_8c15ae12515e1c22\COMCTL32.dll
0x00007ffd394d0000 - 0x00007ffd3974d000 	C:\WINDOWS\system32\combase.dll
0x00007ffd38ab0000 - 0x00007ffd38b1a000 	C:\WINDOWS\system32\bcryptPrimitives.dll
0x00007ffd3b7c0000 - 0x00007ffd3b7fb000 	C:\WINDOWS\system32\IMM32.DLL
0x0000000051720000 - 0x00000000517f2000 	C:\Program Files\Java\jdk1.8.0_60\jre\bin\msvcr100.dll
0x00000000518f0000 - 0x0000000052179000 	C:\Program Files\Java\jdk1.8.0_60\jre\bin\server\jvm.dll
0x00007ffd3af80000 - 0x00007ffd3af88000 	C:\WINDOWS\system32\PSAPI.DLL
0x00007ffd2ad50000 - 0x00007ffd2ad59000 	C:\WINDOWS\SYSTEM32\WSOCK32.dll
0x00007ffd39940000 - 0x00007ffd399ab000 	C:\WINDOWS\system32\WS2_32.dll
0x00007ffd36dc0000 - 0x00007ffd36de3000 	C:\WINDOWS\SYSTEM32\WINMM.dll
0x00007ffd2b770000 - 0x00007ffd2b77a000 	C:\WINDOWS\SYSTEM32\VERSION.dll
0x00007ffd36d90000 - 0x00007ffd36dbc000 	C:\WINDOWS\SYSTEM32\WINMMBASE.dll
0x00007ffd39290000 - 0x00007ffd392d3000 	C:\WINDOWS\system32\cfgmgr32.dll
0x0000000052680000 - 0x000000005268f000 	C:\Program Files\Java\jdk1.8.0_60\jre\bin\verify.dll
0x0000000052650000 - 0x0000000052679000 	C:\Program Files\Java\jdk1.8.0_60\jre\bin\java.dll
0x0000000052630000 - 0x0000000052646000 	C:\Program Files\Java\jdk1.8.0_60\jre\bin\zip.dll
0x00007ffd399b0000 - 0x00007ffd3af0c000 	C:\WINDOWS\system32\SHELL32.dll
0x00007ffd38b20000 - 0x00007ffd39165000 	C:\WINDOWS\system32\windows.storage.dll
0x00007ffd3b540000 - 0x00007ffd3b592000 	C:\WINDOWS\system32\shlwapi.dll
0x00007ffd38770000 - 0x00007ffd3877f000 	C:\WINDOWS\system32\kernel.appcore.dll
0x00007ffd39170000 - 0x00007ffd39225000 	C:\WINDOWS\system32\shcore.dll
0x00007ffd386f0000 - 0x00007ffd3873b000 	C:\WINDOWS\system32\powrprof.dll
0x00007ffd38740000 - 0x00007ffd38754000 	C:\WINDOWS\system32\profapi.dll

VM Arguments:
jvm_args: -Djava.awt.headless=true -Xmx1024M -Dfile.encoding=windows-1252 -Duser.country=US -Duser.language=en -Duser.variant 
java_command: com.android.dx.command.Main --dex --force-jumbo --num-threads=4 --multi-dex --output C:\Users\leonllyu\AndroidStudioProjects\Lab3a_MyBrowser\app\build\intermediates\transforms\dex\debug\folders\1000\5\slice_9 C:\Users\leonllyu\AndroidStudioProjects\Lab3a_MyBrowser\app\build\intermediates\transforms\instantRunSlicer\debug\folders\1\5\slice_9
java_class_path (initial): C:\Users\leonllyu\AppData\Local\Android\sdk\build-tools\23.0.3\lib\dx.jar
Launcher Type: SUN_STANDARD

Environment Variables:
JAVA_HOME=C:\Program Files\Java\jdk1.8.0_60
USERNAME=leonllyu
OS=Windows_NT
PROCESSOR_IDENTIFIER=Intel64 Family 6 Model 61 Stepping 4, GenuineIntel



---------------  S Y S T E M  ---------------

OS: Windows 10.0 , 64 bit Build 10586 (10.0.10586.0)

CPU:total 4 (2 cores per cpu, 2 threads per core) family 6 model 61 stepping 4, cmov, cx8, fxsr, mmx, sse, sse2, sse3, ssse3, sse4.1, sse4.2, popcnt, avx, avx2, aes, clmul, erms, 3dnowpref, lzcnt, ht, tsc, tscinvbit, bmi1, bmi2, adx

Memory: 4k page, physical 16688992k(7080996k free), swap 19965788k(3208k free)

vm_info: Java HotSpot(TM) 64-Bit Server VM (25.60-b23) for windows-amd64 JRE (1.8.0_60-b27), built on Aug  4 2015 11:06:27 by "java_re" with MS VC++ 10.0 (VS2010)

time: Sat Jun 11 23:52:59 2016
elapsed time: 0 seconds (0d 0h 0m 0s)

